<?xml version="1.0" encoding="UTF-8"?>
<!-- Generated by org.testng.reporters.JUnitReportReporter -->
<testsuite skipped="0" hostname="Vijay" name="demo.DemoClass" tests="1" failures="0" timestamp="26 Jun 2018 09:30:51 GMT" time="44.523" errors="0">
  <testcase name="openbrowser" time="44.523" classname="demo.DemoClass"/>
</testsuite> <!-- demo.DemoClass -->
